2021-08-20 16:01:40,774 - backuplog - INFO - dirsync finished in 0.00 seconds.
2021-08-20 16:01:40,774 - backuplog - INFO - 2 directories parsed, 0 files copied
2021-08-20 16:01:40,775 - backuplog - INFO - 
2021-08-20 16:01:40,780 - backuplog - INFO - dirsync finished in 0.00 seconds.
2021-08-20 16:01:40,781 - backuplog - INFO - 2 directories parsed, 0 files copied
2021-08-20 16:01:40,781 - backuplog - INFO - 
2021-08-20 16:01:49,177 - backuplog - INFO - dirsync finished in 0.00 seconds.
2021-08-20 16:01:49,177 - backuplog - INFO - 2 directories parsed, 0 files copied
2021-08-20 16:01:49,178 - backuplog - INFO - 
2021-08-20 16:01:49,182 - backuplog - INFO - dirsync finished in 0.00 seconds.
2021-08-20 16:01:49,182 - backuplog - INFO - 2 directories parsed, 0 files copied
2021-08-20 16:01:49,183 - backuplog - INFO - 
2021-08-20 16:02:18,016 - backuplog - INFO - dirsync finished in 0.00 seconds.
2021-08-20 16:02:18,017 - backuplog - INFO - 2 directories parsed, 4 files copied
2021-08-20 16:02:18,017 - backuplog - INFO - 1 directories were created.
2021-08-20 16:02:18,017 - backuplog - INFO - 
2021-08-20 16:03:01,765 - backuplog - INFO - dirsync finished in 0.00 seconds.
2021-08-20 16:03:01,765 - backuplog - INFO - 5 directories parsed, 0 files copied
2021-08-20 16:03:01,766 - backuplog - INFO - 6 files were purged.
2021-08-20 16:03:01,766 - backuplog - INFO - 3 directories were purged.
2021-08-20 16:03:01,766 - backuplog - INFO - 
2021-08-20 16:03:20,528 - backuplog - INFO - dirsync finished in 0.00 seconds.
2021-08-20 16:03:20,528 - backuplog - INFO - 4 directories parsed, 0 files copied
2021-08-20 16:03:20,529 - backuplog - INFO - 4 files were purged.
2021-08-20 16:03:20,529 - backuplog - INFO - 2 directories were purged.
2021-08-20 16:03:20,529 - backuplog - INFO - 
2021-08-20 16:03:28,331 - backuplog - INFO - dirsync finished in 0.00 seconds.
2021-08-20 16:03:28,331 - backuplog - INFO - 4 directories parsed, 0 files copied
2021-08-20 16:03:28,332 - backuplog - INFO - 7 files were purged.
2021-08-20 16:03:28,332 - backuplog - INFO - 2 directories were purged.
2021-08-20 16:03:28,332 - backuplog - INFO - 
2021-08-20 16:04:32,688 - backuplog - INFO - dirsync finished in 0.00 seconds.
2021-08-20 16:04:32,688 - backuplog - INFO - 4 directories parsed, 0 files copied
2021-08-20 16:04:32,689 - backuplog - INFO - 2 files were purged.
2021-08-20 16:04:32,689 - backuplog - INFO - 2 directories were purged.
2021-08-20 16:04:32,689 - backuplog - INFO - 
2021-08-20 16:05:14,983 - backuplog - INFO - dirsync finished in 0.00 seconds.
2021-08-20 16:05:14,983 - backuplog - INFO - 2 directories parsed, 0 files copied
2021-08-20 16:05:14,984 - backuplog - INFO - 
2021-08-20 16:05:17,016 - backuplog - INFO - dirsync finished in 0.00 seconds.
2021-08-20 16:05:17,017 - backuplog - INFO - 2 directories parsed, 0 files copied
2021-08-20 16:05:17,017 - backuplog - INFO - 
2021-08-20 16:05:32,169 - backuplog - INFO - dirsync finished in 0.00 seconds.
2021-08-20 16:05:32,169 - backuplog - INFO - 2 directories parsed, 0 files copied
2021-08-20 16:05:32,170 - backuplog - INFO - 
2021-08-20 16:06:29,501 - backuplog - INFO - dirsync finished in 0.00 seconds.
2021-08-20 16:06:29,501 - backuplog - INFO - 2 directories parsed, 0 files copied
2021-08-20 16:06:29,502 - backuplog - INFO - 
2021-08-20 16:06:31,078 - backuplog - INFO - dirsync finished in 0.00 seconds.
2021-08-20 16:06:31,078 - backuplog - INFO - 2 directories parsed, 0 files copied
2021-08-20 16:06:31,079 - backuplog - INFO - 
2021-08-20 16:06:31,926 - backuplog - INFO - dirsync finished in 0.00 seconds.
2021-08-20 16:06:31,926 - backuplog - INFO - 2 directories parsed, 0 files copied
2021-08-20 16:06:31,927 - backuplog - INFO - 
2021-08-20 16:07:14,146 - backuplog - INFO - dirsync finished in 0.00 seconds.
2021-08-20 16:07:14,147 - backuplog - INFO - 2 directories parsed, 0 files copied
2021-08-20 16:07:14,147 - backuplog - INFO - 
2021-08-20 16:07:15,745 - backuplog - INFO - dirsync finished in 0.00 seconds.
2021-08-20 16:07:15,745 - backuplog - INFO - 2 directories parsed, 0 files copied
2021-08-20 16:07:15,746 - backuplog - INFO - 
2021-08-20 16:07:22,700 - backuplog - INFO - dirsync finished in 0.00 seconds.
2021-08-20 16:07:22,701 - backuplog - INFO - 2 directories parsed, 0 files copied
2021-08-20 16:07:22,701 - backuplog - INFO - 
2021-08-20 16:07:50,778 - backuplog - INFO - dirsync finished in 0.00 seconds.
2021-08-20 16:07:50,779 - backuplog - INFO - 2 directories parsed, 0 files copied
2021-08-20 16:07:50,779 - backuplog - INFO - 
2021-08-20 16:08:06,576 - backuplog - INFO - dirsync finished in 0.00 seconds.
2021-08-20 16:08:06,577 - backuplog - INFO - 2 directories parsed, 0 files copied
2021-08-20 16:08:06,577 - backuplog - INFO - 
2021-08-20 16:09:04,300 - backuplog - INFO - dirsync finished in 0.00 seconds.
2021-08-20 16:09:04,301 - backuplog - INFO - 2 directories parsed, 0 files copied
2021-08-20 16:09:04,301 - backuplog - INFO - 
2021-08-20 16:09:10,783 - backuplog - INFO - dirsync finished in 0.00 seconds.
2021-08-20 16:09:10,784 - backuplog - INFO - 2 directories parsed, 0 files copied
2021-08-20 16:09:10,784 - backuplog - INFO - 
2021-08-20 16:09:50,038 - backuplog - INFO - dirsync finished in 0.00 seconds.
2021-08-20 16:09:50,038 - backuplog - INFO - 2 directories parsed, 0 files copied
2021-08-20 16:09:50,039 - backuplog - INFO - 
2021-08-20 16:09:51,771 - backuplog - INFO - dirsync finished in 0.00 seconds.
2021-08-20 16:09:51,771 - backuplog - INFO - 2 directories parsed, 0 files copied
2021-08-20 16:09:51,772 - backuplog - INFO - 
2021-08-20 16:10:16,526 - backuplog - INFO - dirsync finished in 0.00 seconds.
2021-08-20 16:10:16,526 - backuplog - INFO - 2 directories parsed, 0 files copied
2021-08-20 16:10:16,526 - backuplog - INFO - 
2021-08-20 16:10:19,035 - backuplog - INFO - dirsync finished in 0.00 seconds.
2021-08-20 16:10:19,035 - backuplog - INFO - 2 directories parsed, 0 files copied
2021-08-20 16:10:19,036 - backuplog - INFO - 
2021-08-20 16:12:45,636 - backuplog - INFO - dirsync finished in 0.00 seconds.
2021-08-20 16:12:45,637 - backuplog - INFO - 2 directories parsed, 0 files copied
2021-08-20 16:12:45,637 - backuplog - INFO - 
2021-08-20 16:13:00,200 - backuplog - INFO - dirsync finished in 0.00 seconds.
2021-08-20 16:13:00,201 - backuplog - INFO - 5 directories parsed, 0 files copied
2021-08-20 16:13:00,201 - backuplog - INFO - 
2021-08-20 16:13:01,779 - backuplog - INFO - dirsync finished in 0.00 seconds.
2021-08-20 16:13:01,779 - backuplog - INFO - 5 directories parsed, 0 files copied
2021-08-20 16:13:01,779 - backuplog - INFO - 
2021-08-20 16:13:04,904 - backuplog - INFO - dirsync finished in 0.00 seconds.
2021-08-20 16:13:04,905 - backuplog - INFO - 5 directories parsed, 0 files copied
2021-08-20 16:13:04,905 - backuplog - INFO - 10 files were purged.
2021-08-20 16:13:04,905 - backuplog - INFO - 3 directories were purged.
2021-08-20 16:13:04,905 - backuplog - INFO - 
2021-08-20 16:13:12,890 - backuplog - INFO - dirsync finished in 0.00 seconds.
2021-08-20 16:13:12,890 - backuplog - INFO - 4 directories parsed, 0 files copied
2021-08-20 16:13:12,891 - backuplog - INFO - 
2021-08-20 16:13:15,543 - backuplog - INFO - dirsync finished in 0.00 seconds.
2021-08-20 16:13:15,544 - backuplog - INFO - 4 directories parsed, 0 files copied
2021-08-20 16:13:15,544 - backuplog - INFO - 
2021-08-20 16:13:18,728 - backuplog - INFO - dirsync finished in 0.00 seconds.
2021-08-20 16:13:18,728 - backuplog - INFO - 4 directories parsed, 0 files copied
2021-08-20 16:13:18,729 - backuplog - INFO - 7 files were purged.
2021-08-20 16:13:18,729 - backuplog - INFO - 2 directories were purged.
2021-08-20 16:13:18,729 - backuplog - INFO - 
2021-08-20 16:14:49,251 - backuplog - INFO - dirsync finished in 0.00 seconds.
2021-08-20 16:14:49,252 - backuplog - INFO - 2 directories parsed, 0 files copied
2021-08-20 16:14:49,252 - backuplog - INFO - 
2021-08-20 16:14:55,525 - backuplog - INFO - dirsync finished in 0.00 seconds.
2021-08-20 16:14:55,525 - backuplog - INFO - 5 directories parsed, 0 files copied
2021-08-20 16:14:55,525 - backuplog - INFO - 
2021-08-20 16:14:59,122 - backuplog - INFO - dirsync finished in 0.00 seconds.
2021-08-20 16:14:59,122 - backuplog - INFO - 5 directories parsed, 0 files copied
2021-08-20 16:14:59,123 - backuplog - INFO - 
2021-08-20 16:15:00,959 - backuplog - INFO - dirsync finished in 0.00 seconds.
2021-08-20 16:15:00,960 - backuplog - INFO - 5 directories parsed, 0 files copied
2021-08-20 16:15:00,960 - backuplog - INFO - 
2021-08-20 16:15:02,346 - backuplog - INFO - dirsync finished in 0.00 seconds.
2021-08-20 16:15:02,347 - backuplog - INFO - 5 directories parsed, 0 files copied
2021-08-20 16:15:02,347 - backuplog - INFO - 5 files were purged.
2021-08-20 16:15:02,347 - backuplog - INFO - 3 directories were purged.
2021-08-20 16:15:02,347 - backuplog - INFO - 
2021-08-20 16:23:15,561 - backuplog - INFO - dirsync finished in 0.00 seconds.
2021-08-20 16:23:15,561 - backuplog - INFO - 2 directories parsed, 0 files copied
2021-08-20 16:23:15,561 - backuplog - INFO - 
2021-08-20 16:24:59,104 - backuplog - INFO - dirsync finished in 0.00 seconds.
2021-08-20 16:24:59,104 - backuplog - INFO - 2 directories parsed, 0 files copied
2021-08-20 16:24:59,105 - backuplog - INFO - 
2021-08-20 16:24:59,110 - backuplog - INFO - dirsync finished in 0.00 seconds.
2021-08-20 16:24:59,110 - backuplog - INFO - 2 directories parsed, 0 files copied
2021-08-20 16:24:59,111 - backuplog - INFO - 
